  0:00 ------------------------------------------------------------
  0:00 InitGame: \com_maxclients\1\fs_game\mods/bsm\g_gametype\zclassic\g_randomSeed\0\gamename\PT6ZM\mapname\zm_transit\playlist_enabled\0\playlist_entry\0\protocol\2089\scr_team_fftype\1\shortversion\1\sv_allowAimAssist\1\sv_allowAnonymous\0\sv_clientFpsLimit\0\sv_disableClientConsole\0\sv_hostname\Private Match\sv_maxclients\4\sv_maxPing\0\sv_minPing\0\sv_privateClients\0\sv_privateClientsForClients\0\sv_pure\0\sv_voice\1
  0:00 InitGame: \com_maxclients\1\fs_game\mods/bsm\g_gametype\zclassic\g_randomSeed\0\gamename\PT6ZM\mapname\zm_transit\playlist_enabled\0\playlist_entry\0\protocol\2089\scr_team_fftype\1\shortversion\1\sv_allowAimAssist\1\sv_allowAnonymous\0\sv_clientFpsLimit\0\sv_disableClientConsole\0\sv_hostname\Private Match\sv_maxclients\4\sv_maxPing\0\sv_minPing\0\sv_privateClients\0\sv_privateClientsForClients\0\sv_pure\0\sv_voice\1\g_logTimeStampInSeconds\0
  0:00 ShutdownGame:
  0:00 ------------------------------------------------------------
  0:00 ------------------------------------------------------------
  0:00 InitGame: \com_maxclients\1\fs_game\mods/bsm\g_gametype\zclassic\g_randomSeed\0\gamename\PT6ZM\mapname\zm_transit\playlist_enabled\0\playlist_entry\0\protocol\2089\scr_team_fftype\1\shortversion\1\sv_allowAimAssist\1\sv_allowAnonymous\0\sv_clientFpsLimit\0\sv_disableClientConsole\0\sv_hostname\Private Match\sv_maxclients\4\sv_maxPing\0\sv_minPing\0\sv_privateClients\0\sv_privateClientsForClients\0\sv_pure\0\sv_voice\1
  0:00 InitGame: \com_maxclients\1\fs_game\mods/bsm\g_gametype\zclassic\g_randomSeed\0\gamename\PT6ZM\mapname\zm_transit\playlist_enabled\0\playlist_entry\0\protocol\2089\scr_team_fftype\1\shortversion\1\sv_allowAimAssist\1\sv_allowAnonymous\0\sv_clientFpsLimit\0\sv_disableClientConsole\0\sv_hostname\Private Match\sv_maxclients\4\sv_maxPing\0\sv_minPing\0\sv_privateClients\0\sv_privateClientsForClients\0\sv_pure\0\sv_voice\1\g_logTimeStampInSeconds\0
  0:00 ShutdownGame:
  0:00 ------------------------------------------------------------
  0:00 ------------------------------------------------------------
  0:00 InitGame: \com_maxclients\1\fs_game\mods/bsm\g_gametype\zclassic\g_randomSeed\0\gamename\PT6ZM\mapname\zm_transit\playlist_enabled\0\playlist_entry\0\protocol\2089\scr_team_fftype\1\shortversion\1\sv_allowAimAssist\1\sv_allowAnonymous\0\sv_clientFpsLimit\0\sv_disableClientConsole\0\sv_hostname\Private Match\sv_maxclients\4\sv_maxPing\0\sv_minPing\0\sv_privateClients\0\sv_privateClientsForClients\0\sv_pure\0\sv_voice\1
  0:00 InitGame: \com_maxclients\1\fs_game\mods/bsm\g_gametype\zclassic\g_randomSeed\0\gamename\PT6ZM\mapname\zm_transit\playlist_enabled\0\playlist_entry\0\protocol\2089\scr_team_fftype\1\shortversion\1\sv_allowAimAssist\1\sv_allowAnonymous\0\sv_clientFpsLimit\0\sv_disableClientConsole\0\sv_hostname\Private Match\sv_maxclients\4\sv_maxPing\0\sv_minPing\0\sv_privateClients\0\sv_privateClientsForClients\0\sv_pure\0\sv_voice\1\g_logTimeStampInSeconds\0
  0:00 ShutdownGame:
  0:00 ------------------------------------------------------------
  0:00 ------------------------------------------------------------
  0:00 InitGame: \com_maxclients\1\fs_game\mods/bsm\g_gametype\zclassic\g_randomSeed\0\gamename\PT6ZM\mapname\zm_transit\playlist_enabled\0\playlist_entry\0\protocol\2089\scr_team_fftype\1\shortversion\1\sv_allowAimAssist\1\sv_allowAnonymous\0\sv_clientFpsLimit\0\sv_disableClientConsole\0\sv_hostname\Private Match\sv_maxclients\4\sv_maxPing\0\sv_minPing\0\sv_privateClients\0\sv_privateClientsForClients\0\sv_pure\0\sv_voice\1
  0:00 InitGame: \com_maxclients\1\fs_game\mods/bsm\g_gametype\zclassic\g_randomSeed\0\gamename\PT6ZM\mapname\zm_transit\playlist_enabled\0\playlist_entry\0\protocol\2089\scr_team_fftype\1\shortversion\1\sv_allowAimAssist\1\sv_allowAnonymous\0\sv_clientFpsLimit\0\sv_disableClientConsole\0\sv_hostname\Private Match\sv_maxclients\4\sv_maxPing\0\sv_minPing\0\sv_privateClients\0\sv_privateClientsForClients\0\sv_pure\0\sv_voice\1\g_logTimeStampInSeconds\0
  0:00 ShutdownGame:
  0:00 ------------------------------------------------------------
  0:00 ------------------------------------------------------------
  0:00 InitGame: \com_maxclients\1\fs_game\mods/bsm\g_gametype\zstandard\g_randomSeed\0\gamename\PT6ZM\mapname\zm_transit\playlist_enabled\0\playlist_entry\0\protocol\2089\scr_team_fftype\1\shortversion\1\sv_allowAimAssist\1\sv_allowAnonymous\0\sv_clientFpsLimit\0\sv_disableClientConsole\0\sv_hostname\Private Match\sv_maxclients\4\sv_maxPing\0\sv_minPing\0\sv_privateClients\0\sv_privateClientsForClients\0\sv_pure\0\sv_voice\1
  0:00 InitGame: \com_maxclients\1\fs_game\mods/bsm\g_gametype\zstandard\g_randomSeed\0\gamename\PT6ZM\mapname\zm_transit\playlist_enabled\0\playlist_entry\0\protocol\2089\scr_team_fftype\1\shortversion\1\sv_allowAimAssist\1\sv_allowAnonymous\0\sv_clientFpsLimit\0\sv_disableClientConsole\0\sv_hostname\Private Match\sv_maxclients\4\sv_maxPing\0\sv_minPing\0\sv_privateClients\0\sv_privateClientsForClients\0\sv_pure\0\sv_voice\1\g_logTimeStampInSeconds\0
  0:00 J;25476;0;GerardS0406
  0:51 ShutdownGame:
  0:51 ------------------------------------------------------------
  0:00 ------------------------------------------------------------
  0:00 InitGame: \com_maxclients\1\fs_game\mods/bsm\g_gametype\zclassic\g_randomSeed\0\gamename\PT6ZM\mapname\zm_transit\playlist_enabled\0\playlist_entry\0\protocol\2089\scr_team_fftype\1\shortversion\1\sv_allowAimAssist\1\sv_allowAnonymous\0\sv_clientFpsLimit\0\sv_disableClientConsole\0\sv_hostname\Private Match\sv_maxclients\4\sv_maxPing\0\sv_minPing\0\sv_privateClients\0\sv_privateClientsForClients\0\sv_pure\0\sv_voice\1
  0:00 InitGame: \com_maxclients\1\fs_game\mods/bsm\g_gametype\zclassic\g_randomSeed\0\gamename\PT6ZM\mapname\zm_transit\playlist_enabled\0\playlist_entry\0\protocol\2089\scr_team_fftype\1\shortversion\1\sv_allowAimAssist\1\sv_allowAnonymous\0\sv_clientFpsLimit\0\sv_disableClientConsole\0\sv_hostname\Private Match\sv_maxclients\4\sv_maxPing\0\sv_minPing\0\sv_privateClients\0\sv_privateClientsForClients\0\sv_pure\0\sv_voice\1\g_logTimeStampInSeconds\0
  0:00 J;25476;0;GerardS0406
  0:46 ShutdownGame:
  0:46 ------------------------------------------------------------
  0:00 ------------------------------------------------------------
  0:00 InitGame: \com_maxclients\1\fs_game\mods/bsm\g_gametype\zclassic\g_randomSeed\0\gamename\PT6ZM\mapname\zm_tomb\playlist_enabled\0\playlist_entry\0\protocol\2089\scr_team_fftype\1\shortversion\1\sv_allowAimAssist\1\sv_allowAnonymous\0\sv_clientFpsLimit\0\sv_disableClientConsole\0\sv_hostname\Private Match\sv_maxclients\4\sv_maxPing\0\sv_minPing\0\sv_privateClients\0\sv_privateClientsForClients\0\sv_pure\0\sv_voice\1
  0:00 InitGame: \com_maxclients\1\fs_game\mods/bsm\g_gametype\zclassic\g_randomSeed\0\gamename\PT6ZM\mapname\zm_tomb\playlist_enabled\0\playlist_entry\0\protocol\2089\scr_team_fftype\1\shortversion\1\sv_allowAimAssist\1\sv_allowAnonymous\0\sv_clientFpsLimit\0\sv_disableClientConsole\0\sv_hostname\Private Match\sv_maxclients\4\sv_maxPing\0\sv_minPing\0\sv_privateClients\0\sv_privateClientsForClients\0\sv_pure\0\sv_voice\1\g_logTimeStampInSeconds\0
  0:00 ShutdownGame:
  0:00 ------------------------------------------------------------
  0:00 ------------------------------------------------------------
  0:00 InitGame: \com_maxclients\1\fs_game\mods/bsm\g_gametype\zclassic\g_randomSeed\0\gamename\PT6ZM\mapname\zm_tomb\playlist_enabled\0\playlist_entry\0\protocol\2089\scr_team_fftype\1\shortversion\1\sv_allowAimAssist\1\sv_allowAnonymous\0\sv_clientFpsLimit\0\sv_disableClientConsole\0\sv_hostname\Private Match\sv_maxclients\4\sv_maxPing\0\sv_minPing\0\sv_privateClients\0\sv_privateClientsForClients\0\sv_pure\0\sv_voice\1
  0:00 InitGame: \com_maxclients\1\fs_game\mods/bsm\g_gametype\zclassic\g_randomSeed\0\gamename\PT6ZM\mapname\zm_tomb\playlist_enabled\0\playlist_entry\0\protocol\2089\scr_team_fftype\1\shortversion\1\sv_allowAimAssist\1\sv_allowAnonymous\0\sv_clientFpsLimit\0\sv_disableClientConsole\0\sv_hostname\Private Match\sv_maxclients\4\sv_maxPing\0\sv_minPing\0\sv_privateClients\0\sv_privateClientsForClients\0\sv_pure\0\sv_voice\1\g_logTimeStampInSeconds\0
  0:00 ShutdownGame:
  0:00 ------------------------------------------------------------
  0:00 ------------------------------------------------------------
  0:00 InitGame: \com_maxclients\1\fs_game\mods/bsm\g_gametype\zclassic\g_randomSeed\0\gamename\PT6ZM\mapname\zm_tomb\playlist_enabled\0\playlist_entry\0\protocol\2089\scr_team_fftype\1\shortversion\1\sv_allowAimAssist\1\sv_allowAnonymous\0\sv_clientFpsLimit\0\sv_disableClientConsole\0\sv_hostname\Private Match\sv_maxclients\4\sv_maxPing\0\sv_minPing\0\sv_privateClients\0\sv_privateClientsForClients\0\sv_pure\0\sv_voice\1
  0:00 InitGame: \com_maxclients\1\fs_game\mods/bsm\g_gametype\zclassic\g_randomSeed\0\gamename\PT6ZM\mapname\zm_tomb\playlist_enabled\0\playlist_entry\0\protocol\2089\scr_team_fftype\1\shortversion\1\sv_allowAimAssist\1\sv_allowAnonymous\0\sv_clientFpsLimit\0\sv_disableClientConsole\0\sv_hostname\Private Match\sv_maxclients\4\sv_maxPing\0\sv_minPing\0\sv_privateClients\0\sv_privateClientsForClients\0\sv_pure\0\sv_voice\1\g_logTimeStampInSeconds\0
  0:00 J;25476;0;GerardS0406
  0:52 ShutdownGame:
  0:52 ------------------------------------------------------------
  0:52 ------------------------------------------------------------
  0:52 InitGame: \com_maxclients\1\fs_game\mods/bsm\g_gametype\zclassic\g_randomSeed\0\gamename\PT6ZM\mapname\zm_tomb\playlist_enabled\0\playlist_entry\0\protocol\2089\scr_team_fftype\1\shortversion\1\sv_allowAimAssist\1\sv_allowAnonymous\0\sv_clientFpsLimit\0\sv_disableClientConsole\0\sv_hostname\Private Match\sv_maxclients\4\sv_maxPing\0\sv_minPing\0\sv_privateClients\0\sv_privateClientsForClients\0\sv_pure\0\sv_voice\1
  0:52 InitGame: \com_maxclients\1\fs_game\mods/bsm\g_gametype\zclassic\g_randomSeed\0\gamename\PT6ZM\mapname\zm_tomb\playlist_enabled\0\playlist_entry\0\protocol\2089\scr_team_fftype\1\shortversion\1\sv_allowAimAssist\1\sv_allowAnonymous\0\sv_clientFpsLimit\0\sv_disableClientConsole\0\sv_hostname\Private Match\sv_maxclients\4\sv_maxPing\0\sv_minPing\0\sv_privateClients\0\sv_privateClientsForClients\0\sv_pure\0\sv_voice\1\g_logTimeStampInSeconds\0
  0:53 J;25476;0;GerardS0406
  3:17 ShutdownGame:
  3:17 ------------------------------------------------------------
  0:00 ------------------------------------------------------------
  0:00 InitGame: \com_maxclients\1\fs_game\mods/bsm\g_gametype\zclassic\g_randomSeed\0\gamename\PT6ZM\mapname\zm_prison\playlist_enabled\0\playlist_entry\0\protocol\2089\scr_team_fftype\1\shortversion\1\sv_allowAimAssist\1\sv_allowAnonymous\0\sv_clientFpsLimit\0\sv_disableClientConsole\0\sv_hostname\Private Match\sv_maxclients\4\sv_maxPing\0\sv_minPing\0\sv_privateClients\0\sv_privateClientsForClients\0\sv_pure\0\sv_voice\1
  0:00 InitGame: \com_maxclients\1\fs_game\mods/bsm\g_gametype\zclassic\g_randomSeed\0\gamename\PT6ZM\mapname\zm_prison\playlist_enabled\0\playlist_entry\0\protocol\2089\scr_team_fftype\1\shortversion\1\sv_allowAimAssist\1\sv_allowAnonymous\0\sv_clientFpsLimit\0\sv_disableClientConsole\0\sv_hostname\Private Match\sv_maxclients\4\sv_maxPing\0\sv_minPing\0\sv_privateClients\0\sv_privateClientsForClients\0\sv_pure\0\sv_voice\1\g_logTimeStampInSeconds\0
  0:00 ShutdownGame:
  0:00 ------------------------------------------------------------
  0:00 ------------------------------------------------------------
  0:00 InitGame: \com_maxclients\1\fs_game\mods/bsm\g_gametype\zclassic\g_randomSeed\0\gamename\PT6ZM\mapname\zm_prison\playlist_enabled\0\playlist_entry\0\protocol\2089\scr_team_fftype\1\shortversion\1\sv_allowAimAssist\1\sv_allowAnonymous\0\sv_clientFpsLimit\0\sv_disableClientConsole\0\sv_hostname\Private Match\sv_maxclients\4\sv_maxPing\0\sv_minPing\0\sv_privateClients\0\sv_privateClientsForClients\0\sv_pure\0\sv_voice\1
  0:00 InitGame: \com_maxclients\1\fs_game\mods/bsm\g_gametype\zclassic\g_randomSeed\0\gamename\PT6ZM\mapname\zm_prison\playlist_enabled\0\playlist_entry\0\protocol\2089\scr_team_fftype\1\shortversion\1\sv_allowAimAssist\1\sv_allowAnonymous\0\sv_clientFpsLimit\0\sv_disableClientConsole\0\sv_hostname\Private Match\sv_maxclients\4\sv_maxPing\0\sv_minPing\0\sv_privateClients\0\sv_privateClientsForClients\0\sv_pure\0\sv_voice\1\g_logTimeStampInSeconds\0
  0:00 ShutdownGame:
  0:00 ------------------------------------------------------------
  0:00 ------------------------------------------------------------
  0:00 InitGame: \com_maxclients\1\fs_game\mods/bsm\g_gametype\zclassic\g_randomSeed\0\gamename\PT6ZM\mapname\zm_prison\playlist_enabled\0\playlist_entry\0\protocol\2089\scr_team_fftype\1\shortversion\1\sv_allowAimAssist\1\sv_allowAnonymous\0\sv_clientFpsLimit\0\sv_disableClientConsole\0\sv_hostname\Private Match\sv_maxclients\4\sv_maxPing\0\sv_minPing\0\sv_privateClients\0\sv_privateClientsForClients\0\sv_pure\0\sv_voice\1
  0:00 InitGame: \com_maxclients\1\fs_game\mods/bsm\g_gametype\zclassic\g_randomSeed\0\gamename\PT6ZM\mapname\zm_prison\playlist_enabled\0\playlist_entry\0\protocol\2089\scr_team_fftype\1\shortversion\1\sv_allowAimAssist\1\sv_allowAnonymous\0\sv_clientFpsLimit\0\sv_disableClientConsole\0\sv_hostname\Private Match\sv_maxclients\4\sv_maxPing\0\sv_minPing\0\sv_privateClients\0\sv_privateClientsForClients\0\sv_pure\0\sv_voice\1\g_logTimeStampInSeconds\0
  0:01 J;25476;0;GerardS0406
  0:09 using bridge reset thread  2:15 ShutdownGame:
  2:15 ------------------------------------------------------------
  0:00 ------------------------------------------------------------
  0:00 InitGame: \com_maxclients\1\fs_game\mods/bsm\g_gametype\zclassic\g_randomSeed\0\gamename\PT6ZM\mapname\zm_highrise\playlist_enabled\0\playlist_entry\0\protocol\2089\scr_team_fftype\1\shortversion\1\sv_allowAimAssist\1\sv_allowAnonymous\0\sv_clientFpsLimit\0\sv_disableClientConsole\0\sv_hostname\Private Match\sv_maxclients\4\sv_maxPing\0\sv_minPing\0\sv_privateClients\0\sv_privateClientsForClients\0\sv_pure\0\sv_voice\1
  0:00 InitGame: \com_maxclients\1\fs_game\mods/bsm\g_gametype\zclassic\g_randomSeed\0\gamename\PT6ZM\mapname\zm_highrise\playlist_enabled\0\playlist_entry\0\protocol\2089\scr_team_fftype\1\shortversion\1\sv_allowAimAssist\1\sv_allowAnonymous\0\sv_clientFpsLimit\0\sv_disableClientConsole\0\sv_hostname\Private Match\sv_maxclients\4\sv_maxPing\0\sv_minPing\0\sv_privateClients\0\sv_privateClientsForClients\0\sv_pure\0\sv_voice\1\g_logTimeStampInSeconds\0
  0:00 ShutdownGame:
  0:00 ------------------------------------------------------------
  0:00 ------------------------------------------------------------
  0:00 InitGame: \com_maxclients\1\fs_game\mods/bsm\g_gametype\zclassic\g_randomSeed\0\gamename\PT6ZM\mapname\zm_highrise\playlist_enabled\0\playlist_entry\0\protocol\2089\scr_team_fftype\1\shortversion\1\sv_allowAimAssist\1\sv_allowAnonymous\0\sv_clientFpsLimit\0\sv_disableClientConsole\0\sv_hostname\Private Match\sv_maxclients\4\sv_maxPing\0\sv_minPing\0\sv_privateClients\0\sv_privateClientsForClients\0\sv_pure\0\sv_voice\1
  0:00 InitGame: \com_maxclients\1\fs_game\mods/bsm\g_gametype\zclassic\g_randomSeed\0\gamename\PT6ZM\mapname\zm_highrise\playlist_enabled\0\playlist_entry\0\protocol\2089\scr_team_fftype\1\shortversion\1\sv_allowAimAssist\1\sv_allowAnonymous\0\sv_clientFpsLimit\0\sv_disableClientConsole\0\sv_hostname\Private Match\sv_maxclients\4\sv_maxPing\0\sv_minPing\0\sv_privateClients\0\sv_privateClientsForClients\0\sv_pure\0\sv_voice\1\g_logTimeStampInSeconds\0
  0:00 ShutdownGame:
  0:00 ------------------------------------------------------------
  0:00 ------------------------------------------------------------
  0:00 InitGame: \com_maxclients\1\fs_game\mods/bsm\g_gametype\zclassic\g_randomSeed\0\gamename\PT6ZM\mapname\zm_highrise\playlist_enabled\0\playlist_entry\0\protocol\2089\scr_team_fftype\1\shortversion\1\sv_allowAimAssist\1\sv_allowAnonymous\0\sv_clientFpsLimit\0\sv_disableClientConsole\0\sv_hostname\Private Match\sv_maxclients\4\sv_maxPing\0\sv_minPing\0\sv_privateClients\0\sv_privateClientsForClients\0\sv_pure\0\sv_voice\1
  0:00 InitGame: \com_maxclients\1\fs_game\mods/bsm\g_gametype\zclassic\g_randomSeed\0\gamename\PT6ZM\mapname\zm_highrise\playlist_enabled\0\playlist_entry\0\protocol\2089\scr_team_fftype\1\shortversion\1\sv_allowAimAssist\1\sv_allowAnonymous\0\sv_clientFpsLimit\0\sv_disableClientConsole\0\sv_hostname\Private Match\sv_maxclients\4\sv_maxPing\0\sv_minPing\0\sv_privateClients\0\sv_privateClientsForClients\0\sv_pure\0\sv_voice\1\g_logTimeStampInSeconds\0
  0:00 ShutdownGame:
  0:00 ------------------------------------------------------------
  0:00 ------------------------------------------------------------
  0:00 InitGame: \com_maxclients\1\fs_game\mods/bsm\g_gametype\zclassic\g_randomSeed\0\gamename\PT6ZM\mapname\zm_highrise\playlist_enabled\0\playlist_entry\0\protocol\2089\scr_team_fftype\1\shortversion\1\sv_allowAimAssist\1\sv_allowAnonymous\0\sv_clientFpsLimit\0\sv_disableClientConsole\0\sv_hostname\Private Match\sv_maxclients\4\sv_maxPing\0\sv_minPing\0\sv_privateClients\0\sv_privateClientsForClients\0\sv_pure\0\sv_voice\1
  0:00 InitGame: \com_maxclients\1\fs_game\mods/bsm\g_gametype\zclassic\g_randomSeed\0\gamename\PT6ZM\mapname\zm_highrise\playlist_enabled\0\playlist_entry\0\protocol\2089\scr_team_fftype\1\shortversion\1\sv_allowAimAssist\1\sv_allowAnonymous\0\sv_clientFpsLimit\0\sv_disableClientConsole\0\sv_hostname\Private Match\sv_maxclients\4\sv_maxPing\0\sv_minPing\0\sv_privateClients\0\sv_privateClientsForClients\0\sv_pure\0\sv_voice\1\g_logTimeStampInSeconds\0
  0:01 J;25476;0;GerardS0406
  2:37 ShutdownGame:
  2:37 ------------------------------------------------------------
  0:00 ------------------------------------------------------------
  0:00 InitGame: \com_maxclients\1\fs_game\mods/bsm\g_gametype\zclassic\g_randomSeed\0\gamename\PT6ZM\mapname\zm_buried\playlist_enabled\0\playlist_entry\0\protocol\2089\scr_team_fftype\1\shortversion\1\sv_allowAimAssist\1\sv_allowAnonymous\0\sv_clientFpsLimit\0\sv_disableClientConsole\0\sv_hostname\Private Match\sv_maxclients\4\sv_maxPing\0\sv_minPing\0\sv_privateClients\0\sv_privateClientsForClients\0\sv_pure\0\sv_voice\1
  0:00 InitGame: \com_maxclients\1\fs_game\mods/bsm\g_gametype\zclassic\g_randomSeed\0\gamename\PT6ZM\mapname\zm_buried\playlist_enabled\0\playlist_entry\0\protocol\2089\scr_team_fftype\1\shortversion\1\sv_allowAimAssist\1\sv_allowAnonymous\0\sv_clientFpsLimit\0\sv_disableClientConsole\0\sv_hostname\Private Match\sv_maxclients\4\sv_maxPing\0\sv_minPing\0\sv_privateClients\0\sv_privateClientsForClients\0\sv_pure\0\sv_voice\1\g_logTimeStampInSeconds\0
  0:00 ShutdownGame:
  0:00 ------------------------------------------------------------
  0:00 ------------------------------------------------------------
  0:00 InitGame: \com_maxclients\1\fs_game\mods/bsm\g_gametype\zclassic\g_randomSeed\0\gamename\PT6ZM\mapname\zm_buried\playlist_enabled\0\playlist_entry\0\protocol\2089\scr_team_fftype\1\shortversion\1\sv_allowAimAssist\1\sv_allowAnonymous\0\sv_clientFpsLimit\0\sv_disableClientConsole\0\sv_hostname\Private Match\sv_maxclients\4\sv_maxPing\0\sv_minPing\0\sv_privateClients\0\sv_privateClientsForClients\0\sv_pure\0\sv_voice\1
  0:00 InitGame: \com_maxclients\1\fs_game\mods/bsm\g_gametype\zclassic\g_randomSeed\0\gamename\PT6ZM\mapname\zm_buried\playlist_enabled\0\playlist_entry\0\protocol\2089\scr_team_fftype\1\shortversion\1\sv_allowAimAssist\1\sv_allowAnonymous\0\sv_clientFpsLimit\0\sv_disableClientConsole\0\sv_hostname\Private Match\sv_maxclients\4\sv_maxPing\0\sv_minPing\0\sv_privateClients\0\sv_privateClientsForClients\0\sv_pure\0\sv_voice\1\g_logTimeStampInSeconds\0
  0:00 J;25476;0;GerardS0406
  4:19 ShutdownGame:
  4:19 ------------------------------------------------------------
  0:00 ------------------------------------------------------------
  0:00 InitGame: \com_maxclients\1\fs_game\mods/bsm\g_gametype\zstandard\g_randomSeed\0\gamename\PT6ZM\mapname\zm_nuked\playlist_enabled\0\playlist_entry\0\protocol\2089\scr_team_fftype\1\shortversion\1\sv_allowAimAssist\1\sv_allowAnonymous\0\sv_clientFpsLimit\0\sv_disableClientConsole\0\sv_hostname\Private Match\sv_maxclients\4\sv_maxPing\0\sv_minPing\0\sv_privateClients\0\sv_privateClientsForClients\0\sv_pure\0\sv_voice\1
  0:00 InitGame: \com_maxclients\1\fs_game\mods/bsm\g_gametype\zstandard\g_randomSeed\0\gamename\PT6ZM\mapname\zm_nuked\playlist_enabled\0\playlist_entry\0\protocol\2089\scr_team_fftype\1\shortversion\1\sv_allowAimAssist\1\sv_allowAnonymous\0\sv_clientFpsLimit\0\sv_disableClientConsole\0\sv_hostname\Private Match\sv_maxclients\4\sv_maxPing\0\sv_minPing\0\sv_privateClients\0\sv_privateClientsForClients\0\sv_pure\0\sv_voice\1\g_logTimeStampInSeconds\0
  0:00 J;25476;0;GerardS0406
  1:13 ShutdownGame:
  1:13 ------------------------------------------------------------
